This file contains any messages produced by compilers while
running configure, to aid debugging if configure makes a mistake.

It was created by gtk-vol configure 0.1, which was
generated by GNU Autoconf 2.68.  Invocation command line was

  $ ./configure 

## --------- ##
## Platform. ##
## --------- ##

hostname = voodoo
uname -m = i686
uname -r = 2.6.36-ARCH
uname -s = Linux
uname -v = #1 SMP PREEMPT Wed Nov 24 06:44:11 UTC 2010

/usr/bin/uname -p = unknown
/bin/uname -X     = unknown

/bin/arch              = i686
/usr/bin/arch -k       = unknown
/usr/convex/getsysinfo = unknown
/usr/bin/hostinfo      = unknown
/bin/machine           = unknown
/usr/bin/oslevel       = unknown
/bin/universe          = unknown

PATH: /bin
PATH: /usr/bin
PATH: /sbin
PATH: /usr/sbin
PATH: /usr/lib/perl5/vendor_perl/bin
PATH: /usr/bin/perlbin/vendor
PATH: /usr/lib/perl5/core_perl/bin


## ----------- ##
## Core tests. ##
## ----------- ##

configure:2092: checking for a BSD-compatible install
configure:2160: result: /bin/install -c
configure:2171: checking whether build environment is sane
configure:2221: result: yes
configure:2362: checking for a thread-safe mkdir -p
configure:2401: result: /bin/mkdir -p
configure:2414: checking for gawk
configure:2430: found /bin/gawk
configure:2441: result: gawk
configure:2452: checking whether make sets $(MAKE)
configure:2474: result: yes
configure:2605: checking for gcc
configure:2621: found /usr/bin/gcc
configure:2632: result: gcc
configure:2861: checking for C compiler version
configure:2870: gcc --version >&5
gcc (GCC) 4.5.1 20101125 (prerelease)
Copyright (C) 2010 Free Software Foundation, Inc.
This is free software; see the source for copying conditions.  There is NO
warranty; not even for MERCHANTABILITY or FITNESS FOR A PARTICULAR PURPOSE.

configure:2881: $? = 0
configure:2870: gcc -v >&5
Using built-in specs.
COLLECT_GCC=gcc
COLLECT_LTO_WRAPPER=/usr/lib/gcc/i686-pc-linux-gnu/4.5.1/lto-wrapper
Target: i686-pc-linux-gnu
Configured with: /build/src/gcc-4.5-20101125/configure --prefix=/usr --enable-languages=c,c++,fortran,objc,obj-c++,ada --enable-shared --enable-threads=posix --enable-__cxa_atexit --enable-clocale=gnu --enable-gnu-unique-object --enable-lto --enable-plugin --disable-multilib --disable-libstdcxx-pch --with-system-zlib --with-ppl --with-cloog --libdir=/usr/lib --libexecdir=/usr/lib --mandir=/usr/share/man --infodir=/usr/share/info
Thread model: posix
gcc version 4.5.1 20101125 (prerelease) (GCC) 
configure:2881: $? = 0
configure:2870: gcc -V >&5
gcc: '-V' option must have argument
configure:2881: $? = 1
configure:2870: gcc -qversion >&5
gcc: unrecognized option '-qversion'
gcc: no input files
configure:2881: $? = 1
configure:2901: checking whether the C compiler works
configure:2923: gcc    conftest.c  >&5
configure:2927: $? = 0
configure:2975: result: yes
configure:2978: checking for C compiler default output file name
configure:2980: result: a.out
configure:2986: checking for suffix of executables
configure:2993: gcc -o conftest    conftest.c  >&5
configure:2997: $? = 0
configure:3019: result: 
configure:3041: checking whether we are cross compiling
configure:3049: gcc -o conftest    conftest.c  >&5
configure:3053: $? = 0
configure:3060: ./conftest
configure:3064: $? = 0
configure:3079: result: no
configure:3084: checking for suffix of object files
configure:3106: gcc -c   conftest.c >&5
configure:3110: $? = 0
configure:3131: result: o
configure:3135: checking whether we are using the GNU C compiler
configure:3154: gcc -c   conftest.c >&5
configure:3154: $? = 0
configure:3163: result: yes
configure:3172: checking whether gcc accepts -g
configure:3192: gcc -c -g  conftest.c >&5
configure:3192: $? = 0
configure:3233: result: yes
configure:3250: checking for gcc option to accept ISO C89
configure:3314: gcc  -c -g -O2  conftest.c >&5
configure:3314: $? = 0
configure:3327: result: none needed
configure:3358: checking for style of include used by make
configure:3386: result: GNU
configure:3411: checking dependency style of gcc
configure:3521: result: gcc3
configure:3539: checking for  in -lgtk/gtk.h
configure:3564: gcc -o conftest -g -O2   conftest.c -lgtk/gtk.h   >&5
conftest.c:18:8: error: expected identifier or '(' before ')' token
conftest.c: In function 'main':
conftest.c:22:10: error: expected expression before ')' token
configure:3564: $? = 1
configure: failed program was:
| /* confdefs.h */
| #define PACKAGE_NAME "gtk-vol"
| #define PACKAGE_TARNAME "gtk-vol"
| #define PACKAGE_VERSION "0.1"
| #define PACKAGE_STRING "gtk-vol 0.1"
| #define PACKAGE_BUGREPORT "no@reply.com"
| #define PACKAGE_URL ""
| #define PACKAGE "gtk-vol"
| #define VERSION "0.1"
| /* end confdefs.h.  */
| 
| /* Override any GCC internal prototype to avoid an error.
|    Use char because int might match the return type of a GCC
|    builtin and then its argument prototype would still apply.  */
| #ifdef __cplusplus
| extern "C"
| #endif
| char  ();
| int
| main ()
| {
| return  ();
|   ;
|   return 0;
| }
configure:3573: result: no
configure:3591: checking how to run the C preprocessor
configure:3622: gcc -E  conftest.c
configure:3622: $? = 0
configure:3636: gcc -E  conftest.c
conftest.c:11:28: fatal error: ac_nonexistent.h: No such file or directory
compilation terminated.
configure:3636: $? = 1
configure: failed program was:
| /* confdefs.h */
| #define PACKAGE_NAME "gtk-vol"
| #define PACKAGE_TARNAME "gtk-vol"
| #define PACKAGE_VERSION "0.1"
| #define PACKAGE_STRING "gtk-vol 0.1"
| #define PACKAGE_BUGREPORT "no@reply.com"
| #define PACKAGE_URL ""
| #define PACKAGE "gtk-vol"
| #define VERSION "0.1"
| /* end confdefs.h.  */
| #include <ac_nonexistent.h>
configure:3661: result: gcc -E
configure:3681: gcc -E  conftest.c
configure:3681: $? = 0
configure:3695: gcc -E  conftest.c
conftest.c:11:28: fatal error: ac_nonexistent.h: No such file or directory
compilation terminated.
configure:3695: $? = 1
configure: failed program was:
| /* confdefs.h */
| #define PACKAGE_NAME "gtk-vol"
| #define PACKAGE_TARNAME "gtk-vol"
| #define PACKAGE_VERSION "0.1"
| #define PACKAGE_STRING "gtk-vol 0.1"
| #define PACKAGE_BUGREPORT "no@reply.com"
| #define PACKAGE_URL ""
| #define PACKAGE "gtk-vol"
| #define VERSION "0.1"
| /* end confdefs.h.  */
| #include <ac_nonexistent.h>
configure:3724: checking for grep that handles long lines and -e
configure:3782: result: /bin/grep
configure:3787: checking for egrep
configure:3849: result: /bin/grep -E
configure:3854: checking for ANSI C header files
configure:3874: gcc -c -g -O2  conftest.c >&5
configure:3874: $? = 0
configure:3947: gcc -o conftest -g -O2   conftest.c  >&5
configure:3947: $? = 0
configure:3947: ./conftest
configure:3947: $? = 0
configure:3958: result: yes
configure:3971: checking for sys/types.h
configure:3971: gcc -c -g -O2  conftest.c >&5
configure:3971: $? = 0
configure:3971: result: yes
configure:3971: checking for sys/stat.h
configure:3971: gcc -c -g -O2  conftest.c >&5
configure:3971: $? = 0
configure:3971: result: yes
configure:3971: checking for stdlib.h
configure:3971: gcc -c -g -O2  conftest.c >&5
configure:3971: $? = 0
configure:3971: result: yes
configure:3971: checking for string.h
configure:3971: gcc -c -g -O2  conftest.c >&5
configure:3971: $? = 0
configure:3971: result: yes
configure:3971: checking for memory.h
configure:3971: gcc -c -g -O2  conftest.c >&5
configure:3971: $? = 0
configure:3971: result: yes
configure:3971: checking for strings.h
configure:3971: gcc -c -g -O2  conftest.c >&5
configure:3971: $? = 0
configure:3971: result: yes
configure:3971: checking for inttypes.h
configure:3971: gcc -c -g -O2  conftest.c >&5
configure:3971: $? = 0
configure:3971: result: yes
configure:3971: checking for stdint.h
configure:3971: gcc -c -g -O2  conftest.c >&5
configure:3971: $? = 0
configure:3971: result: yes
configure:3971: checking for unistd.h
configure:3971: gcc -c -g -O2  conftest.c >&5
configure:3971: $? = 0
configure:3971: result: yes
configure:3986: checking fcntl.h usability
configure:3986: gcc -c -g -O2  conftest.c >&5
configure:3986: $? = 0
configure:3986: result: yes
configure:3986: checking fcntl.h presence
configure:3986: gcc -E  conftest.c
configure:3986: $? = 0
configure:3986: result: yes
configure:3986: checking for fcntl.h
configure:3986: result: yes
configure:3986: checking for string.h
configure:3986: result: yes
configure:4168: creating ./config.status

## ---------------------- ##
## Running config.status. ##
## ---------------------- ##

This file was extended by gtk-vol config.status 0.1, which was
generated by GNU Autoconf 2.68.  Invocation command line was

  CONFIG_FILES    = 
  CONFIG_HEADERS  = 
  CONFIG_LINKS    = 
  CONFIG_COMMANDS = 
  $ ./config.status 

on voodoo

config.status:783: creating Makefile
config.status:955: executing depfiles commands

## ---------------- ##
## Cache variables. ##
## ---------------- ##

ac_cv_c_compiler_gnu=yes
ac_cv_env_CC_set=
ac_cv_env_CC_value=
ac_cv_env_CFLAGS_set=
ac_cv_env_CFLAGS_value=
ac_cv_env_CPPFLAGS_set=
ac_cv_env_CPPFLAGS_value=
ac_cv_env_CPP_set=
ac_cv_env_CPP_value=
ac_cv_env_LDFLAGS_set=
ac_cv_env_LDFLAGS_value=
ac_cv_env_LIBS_set=
ac_cv_env_LIBS_value=
ac_cv_env_build_alias_set=
ac_cv_env_build_alias_value=
ac_cv_env_host_alias_set=
ac_cv_env_host_alias_value=
ac_cv_env_target_alias_set=
ac_cv_env_target_alias_value=
ac_cv_header_fcntl_h=yes
ac_cv_header_inttypes_h=yes
ac_cv_header_memory_h=yes
ac_cv_header_stdc=yes
ac_cv_header_stdint_h=yes
ac_cv_header_stdlib_h=yes
ac_cv_header_string_h=yes
ac_cv_header_strings_h=yes
ac_cv_header_sys_stat_h=yes
ac_cv_header_sys_types_h=yes
ac_cv_header_unistd_h=yes
ac_cv_lib_gtk_gtk_h_=no
ac_cv_objext=o
ac_cv_path_EGREP='/bin/grep -E'
ac_cv_path_GREP=/bin/grep
ac_cv_path_install='/bin/install -c'
ac_cv_path_mkdir=/bin/mkdir
ac_cv_prog_AWK=gawk
ac_cv_prog_CPP='gcc -E'
ac_cv_prog_ac_ct_CC=gcc
ac_cv_prog_cc_c89=
ac_cv_prog_cc_g=yes
ac_cv_prog_make_make_set=yes
am_cv_CC_dependencies_compiler_type=gcc3

## ----------------- ##
## Output variables. ##
## ----------------- ##

ACLOCAL='${SHELL} /home/fogobogo/code/gtk/gtk-vol/missing --run aclocal-1.11'
AMDEPBACKSLASH='\'
AMDEP_FALSE='#'
AMDEP_TRUE=''
AMTAR='${SHELL} /home/fogobogo/code/gtk/gtk-vol/missing --run tar'
AUTOCONF='${SHELL} /home/fogobogo/code/gtk/gtk-vol/missing --run autoconf'
AUTOHEADER='${SHELL} /home/fogobogo/code/gtk/gtk-vol/missing --run autoheader'
AUTOMAKE='${SHELL} /home/fogobogo/code/gtk/gtk-vol/missing --run automake-1.11'
AWK='gawk'
CC='gcc'
CCDEPMODE='depmode=gcc3'
CFLAGS='-g -O2'
CPP='gcc -E'
CPPFLAGS=''
CYGPATH_W='echo'
DEFS='-DPACKAGE_NAME=\"gtk-vol\" -DPACKAGE_TARNAME=\"gtk-vol\" -DPACKAGE_VERSION=\"0.1\" -DPACKAGE_STRING=\"gtk-vol\ 0.1\" -DPACKAGE_BUGREPORT=\"no@reply.com\" -DPACKAGE_URL=\"\" -DPACKAGE=\"gtk-vol\" -DVERSION=\"0.1\" -DSTDC_HEADERS=1 -DHAVE_SYS_TYPES_H=1 -DHAVE_SYS_STAT_H=1 -DHAVE_STDLIB_H=1 -DHAVE_STRING_H=1 -DHAVE_MEMORY_H=1 -DHAVE_STRINGS_H=1 -DHAVE_INTTYPES_H=1 -DHAVE_STDINT_H=1 -DHAVE_UNISTD_H=1 -DHAVE_FCNTL_H=1 -DHAVE_STRING_H=1'
DEPDIR='.deps'
ECHO_C=''
ECHO_N='-n'
ECHO_T=''
EGREP='/bin/grep -E'
EXEEXT=''
GREP='/bin/grep'
INSTALL_DATA='${INSTALL} -m 644'
INSTALL_PROGRAM='${INSTALL}'
INSTALL_SCRIPT='${INSTALL}'
INSTALL_STRIP_PROGRAM='$(install_sh) -c -s'
LDFLAGS=''
LIBOBJS=''
LIBS=''
LTLIBOBJS=''
MAKEINFO='${SHELL} /home/fogobogo/code/gtk/gtk-vol/missing --run makeinfo'
MKDIR_P='/bin/mkdir -p'
OBJEXT='o'
PACKAGE='gtk-vol'
PACKAGE_BUGREPORT='no@reply.com'
PACKAGE_NAME='gtk-vol'
PACKAGE_STRING='gtk-vol 0.1'
PACKAGE_TARNAME='gtk-vol'
PACKAGE_URL=''
PACKAGE_VERSION='0.1'
PATH_SEPARATOR=':'
SET_MAKE=''
SHELL='/bin/sh'
STRIP=''
VERSION='0.1'
ac_ct_CC='gcc'
am__EXEEXT_FALSE=''
am__EXEEXT_TRUE='#'
am__fastdepCC_FALSE='#'
am__fastdepCC_TRUE=''
am__include='include'
am__isrc=''
am__leading_dot='.'
am__quote=''
am__tar='${AMTAR} chof - "$$tardir"'
am__untar='${AMTAR} xf -'
bindir='${exec_prefix}/bin'
build_alias=''
datadir='${datarootdir}'
datarootdir='${prefix}/share'
docdir='${datarootdir}/doc/${PACKAGE_TARNAME}'
dvidir='${docdir}'
exec_prefix='${prefix}'
host_alias=''
htmldir='${docdir}'
includedir='${prefix}/include'
infodir='${datarootdir}/info'
install_sh='${SHELL} /home/fogobogo/code/gtk/gtk-vol/install-sh'
libdir='${exec_prefix}/lib'
libexecdir='${exec_prefix}/libexec'
localedir='${datarootdir}/locale'
localstatedir='${prefix}/var'
mandir='${datarootdir}/man'
mkdir_p='/bin/mkdir -p'
oldincludedir='/usr/include'
pdfdir='${docdir}'
prefix='/usr/local'
program_transform_name='s,x,x,'
psdir='${docdir}'
sbindir='${exec_prefix}/sbin'
sharedstatedir='${prefix}/com'
sysconfdir='${prefix}/etc'
target_alias=''

## ----------- ##
## confdefs.h. ##
## ----------- ##

/* confdefs.h */
#define PACKAGE_NAME "gtk-vol"
#define PACKAGE_TARNAME "gtk-vol"
#define PACKAGE_VERSION "0.1"
#define PACKAGE_STRING "gtk-vol 0.1"
#define PACKAGE_BUGREPORT "no@reply.com"
#define PACKAGE_URL ""
#define PACKAGE "gtk-vol"
#define VERSION "0.1"
#define STDC_HEADERS 1
#define HAVE_SYS_TYPES_H 1
#define HAVE_SYS_STAT_H 1
#define HAVE_STDLIB_H 1
#define HAVE_STRING_H 1
#define HAVE_MEMORY_H 1
#define HAVE_STRINGS_H 1
#define HAVE_INTTYPES_H 1
#define HAVE_STDINT_H 1
#define HAVE_UNISTD_H 1
#define HAVE_FCNTL_H 1
#define HAVE_STRING_H 1

configure: exit 0
